{"level":"info","message":"Exporting content from branch main"}
{"level":"info","message":"Started to export content, version is 2"}
{"level":"info","message":"Starting export of stack module"}
{"level":"info","message":"Starting export of assets module"}
{"level":"info","message":"Batch No. 1 of assets folders is complete."}
{"level":"info","message":"Batch No. 1 of assets is complete."}
{"level":"info","message":"Assets metadata exported successfully.!"}
{"level":"info","message":"Assets folder Exported successfully.!"}
{"level":"info","message":"Downloaded SID_CSH.jpg: bltab72dd682dc4bf9c successfully!"}
{"level":"info","message":"Downloaded Nick_Barron_Original_file.webp: blt544f6b0f9f236736 successfully!"}
{"level":"info","message":"Downloaded Sreenesh.webp: blt6444de4f769bd245 successfully!"}
{"level":"info","message":"Downloaded Hanoak_Suchethan_Original_file.webp: blt0f01aed090554ccc successfully!"}
{"level":"info","message":"Downloaded Toasty_Original_file.webp: bltb6b5bf5eac305384 successfully!"}
{"level":"info","message":"Batch No. 1 of assets download is complete."}
{"level":"info","message":"Downloaded Christine_Masters_Original_file.webp: blt6ef6b3579c844da6 successfully!"}
{"level":"info","message":"Downloaded Jorge_Fonseca_Original_file_(1).webp: bltf7d90aee000975b3 successfully!"}
{"level":"info","message":"Downloaded GAUTOM_Original_file.webp: blt35c26300ee7bfd6b successfully!"}
{"level":"info","message":"Downloaded Dipak.webp: blt5b1692656bd939cb successfully!"}
{"level":"info","message":"Downloaded Srushti_Original_file.webp: blt805e5b78119b279f successfully!"}
{"level":"info","message":"Batch No. 2 of assets download is complete."}
{"level":"info","message":"Downloaded Jaime.jpg: blta17e8fdd9d72584f successfully!"}
{"level":"info","message":"Downloaded d98d2839f6a044db974b85b7611aacee.png: blt296f1bdc29d893ae successfully!"}
{"level":"info","message":"Downloaded zamir_Original_file_(1).webp: blt32d1dba073eeb06f successfully!"}
{"level":"info","message":"Downloaded 19ce072493284ae7b144385274bd2076.png: bltf7d5b57e0a96098a successfully!"}
{"level":"info","message":"Downloaded pierre-cox.svg: bltb24ad11d6ce7f0c3 successfully!"}
{"level":"info","message":"Batch No. 3 of assets download is complete."}
{"level":"info","message":"Downloaded Virginia_Woolf_Headshot.jpg: blt52d19e40d59a45ba successfully!"}
{"level":"info","message":"Downloaded Jane_Austen_Headshot.jpg: blt43a885e790972858 successfully!"}
{"level":"info","message":"Downloaded 1681325982Rests_8_Dot_Eigth_.png: bltc4a09552aeec4819 successfully!"}
{"level":"info","message":"Downloaded cloud-computing.svg: blt801df8a1da372652 successfully!"}
{"level":"info","message":"Downloaded Screen_Shot_2023-05-05_at_2.26.12_AM.png: blt149c2ea8ed415a02 successfully!"}
{"level":"info","message":"Batch No. 4 of assets download is complete."}
{"level":"info","message":"Downloaded Maya_Angelou_Headshot.jpg: blt787c49c70b16a7eb successfully!"}
{"level":"info","message":"Downloaded Charlotte_Bronte_Headshot.png: blt6580e70992d3067f successfully!"}
{"level":"info","message":"Downloaded Robert_Curlette_Original_file.webp: blt89cefd45cb5d79cc successfully!"}
{"level":"info","message":"Downloaded Sanchifile.webp: bltfd7aee803dd07356 successfully!"}
{"level":"info","message":"Downloaded Ruprani.webp: bltf1f3721506a898e8 successfully!"}
{"level":"info","message":"Batch No. 5 of assets download is complete."}
{"level":"info","message":"Downloaded Zora_Neale_Hurston_Headshot.jpg: blte397e09a899b0d1c successfully!"}
{"level":"info","message":"Downloaded Charles_Dickens_Headshot.jpg: blt4a0e4c680875ee5e successfully!"}
{"level":"info","message":"Downloaded winning-digital-strategy.png: bltcd84824182d8b4c7 successfully!"}
{"level":"info","message":"Downloaded Mark_Twain_Headshot.jpg: blt0103f4a90984dd1e successfully!"}
{"level":"info","message":"Downloaded cierra-vega.svg: blt1f4bcbfb047f1109 successfully!"}
{"level":"info","message":"Batch No. 6 of assets download is complete."}
{"level":"info","message":"Downloaded ben.jpeg: blt8f54d201edc35400 successfully!"}
{"level":"info","message":"Downloaded alden-cantrell.svg: blt7b6a619c4247ba48 successfully!"}
{"level":"info","message":"Downloaded our-story.svg: blt69528733c9892917 successfully!"}
{"level":"info","message":"Downloaded thomas-crane.svg: bltbb6cc9825b147e18 successfully!"}
{"level":"info","message":"Downloaded about-us.svg: bltb81319512cecb163 successfully!"}
{"level":"info","message":"Batch No. 7 of assets download is complete."}
{"level":"info","message":"Downloaded business-with-al.svg: bltaffdb36a7143a93d successfully!"}
{"level":"info","message":"Downloaded traditional-decoupled-_headless-cms.svg: bltd57c6c3c0df3a21a successfully!"}
{"level":"info","message":"Downloaded cslogo.png: bltc715db9885690460 successfully!"}
{"level":"info","message":"Downloaded AlbertEinstein.jpeg: blt7f2452086f3619a0 successfully!"}
{"level":"info","message":"Downloaded data-mining.svg: blt8d18b6bf3f479519 successfully!"}
{"level":"info","message":"Batch No. 8 of assets download is complete."}
{"level":"info","message":"Downloaded modern-cloud-ecosystem.svg: bltdf515219fb693194 successfully!"}
{"level":"info","message":"Downloaded artificial-intelligence.svg: blt80cec496568ed347 successfully!"}
{"level":"info","message":"Downloaded W._E._B._Du_Bois_Headshot.jpg: blta0de53df1e11e79c successfully!"}
{"level":"info","message":"Downloaded Icon_Artwork_2.svg: blt25daa93c3be0e141 successfully!"}
{"level":"info","message":"Downloaded company-logo.svg: bltafb7d18602783f23 successfully!"}
{"level":"info","message":"Batch No. 9 of assets download is complete."}
{"level":"info","message":"Downloaded security.svg: bltbeefcd01d5899c68 successfully!"}
{"level":"info","message":"Downloaded alden-cantrell.svg: blt54f97b79c266555e successfully!"}
{"level":"info","message":"Downloaded cierra-vega.svg: blt223d406da17ad8e2 successfully!"}
{"level":"info","message":"Downloaded Jane_Austen_Headshot.jpg: blt70b681f450e49840 successfully!"}
{"level":"info","message":"Downloaded map-of-brimingham-city.svg: blt3e6f19c8a8509e7d successfully!"}
{"level":"info","message":"Batch No. 10 of assets download is complete."}
{"level":"info","message":"Downloaded modern-cloud-ecosystem.svg: blt723658b8dc171b41 successfully!"}
{"level":"info","message":"Downloaded our-story.svg: blt4c00009e9b4b4011 successfully!"}
{"level":"info","message":"Downloaded headless-cms-solution.svg: blt5fdc8298b5672864 successfully!"}
{"level":"info","message":"Downloaded pierre-cox.svg: bltdd42f0f5f6d62e87 successfully!"}
{"level":"info","message":"Downloaded thomas-crane.svg: bltdd8fd00fbc187f34 successfully!"}
{"level":"info","message":"Batch No. 11 of assets download is complete."}
{"level":"info","message":"Downloaded Zora_Neale_Hurston_Headshot.jpg: blt449e610a4236d1d4 successfully!"}
{"level":"info","message":"Downloaded Charles_Dickens_Headshot.jpg: blt92983d7dc9ebcff9 successfully!"}
{"level":"info","message":"Downloaded company-logo.svg: blte4570529bdf2d042 successfully!"}
{"level":"info","message":"Downloaded Charlotte_Bronte_Headshot.png: blt7fba7b8b66b1bab1 successfully!"}
{"level":"info","message":"Downloaded about-us.svg: blt71025bdc77442096 successfully!"}
{"level":"info","message":"Batch No. 12 of assets download is complete."}
{"level":"info","message":"Downloaded Maya_Angelou_Headshot.jpg: blt81d671426ebc0185 successfully!"}
{"level":"info","message":"Downloaded business-with-al.svg: blt84cb447c8a1b3662 successfully!"}
{"level":"info","message":"Downloaded Icon_Artwork_1.svg: blt797057ae7ac354ff successfully!"}
{"level":"info","message":"Downloaded Mark_Twain_Headshot.jpg: bltaceec75b63debbe6 successfully!"}
{"level":"info","message":"Downloaded Virginia_Woolf_Headshot.jpg: blt4fc25d33f42edc4e successfully!"}
{"level":"info","message":"Batch No. 13 of assets download is complete."}
{"level":"info","message":"Downloaded traditional-decoupled-_headless-cms.svg: blt5f2688c67020cb26 successfully!"}
{"level":"info","message":"Downloaded security.svg: bltbfec63e4ae117395 successfully!"}
{"level":"info","message":"Downloaded headless-cms-solution.svg: blt8414aa0424ad7ffd successfully!"}
{"level":"info","message":"Downloaded Icon_Artwork_2.svg: blt1a910262bf30f248 successfully!"}
{"level":"info","message":"Downloaded help-for-the-next-step.svg: blt1ece86cbf3f16d79 successfully!"}
{"level":"info","message":"Batch No. 14 of assets download is complete."}
{"level":"info","message":"Downloaded bucket3.svg: blt7ddb6d03b4eb9420 successfully!"}
{"level":"info","message":"Downloaded Twitter.svg: blta609ce1fbefe28f5 successfully!"}
{"level":"info","message":"Downloaded data-mining.svg: blt9c9c3620decc6f09 successfully!"}
{"level":"info","message":"Downloaded Instagram.svg: blt01cf28b36c182184 successfully!"}
{"level":"info","message":"Downloaded help-for-the-next-step.svg: blt6acd6c3f29d5d17f successfully!"}
{"level":"info","message":"Batch No. 15 of assets download is complete."}
{"level":"info","message":"Downloaded bucket2.svg: blt10f0de7e5364392e successfully!"}
{"level":"info","message":"Downloaded bucket1.svg: blt7ed7ef2f3078b9e9 successfully!"}
{"level":"info","message":"Downloaded Icon_Artwork_1.svg: blt180e60d43e8b1a6e successfully!"}
{"level":"info","message":"Downloaded facebook.svg: blt72139076286e0c8f successfully!"}
{"level":"info","message":"Downloaded cloud-computing.svg: bltbf26816f1c71f345 successfully!"}
{"level":"info","message":"Batch No. 16 of assets download is complete."}
{"level":"info","message":"Downloaded W._E._B._Du_Bois_Headshot.jpg: blt29ed793bfd090fe8 successfully!"}
{"level":"info","message":"Downloaded ben.jpeg: blt8aab55d731bdd371 successfully!"}
{"level":"info","message":"Downloaded AlbertEinstein.jpeg: blt3fa7fd85a23d8d08 successfully!"}
{"level":"info","message":"Downloaded cslogo.png: bltfe710a89fcef8439 successfully!"}
{"level":"info","message":"Downloaded winning-digital-strategy.svg: blte2aaf2bf2b9581c4 successfully!"}
{"level":"info","message":"Batch No. 17 of assets download is complete."}
{"level":"info","message":"Downloaded artificial-intelligence.svg: blt3ea76a04046614b9 successfully!"}
{"level":"info","message":"Downloaded Nutan_Original_file.webp: blt7a72dda70906430f successfully!"}
{"level":"info","message":"Downloaded Nida_Shaikh_Original_file_(1).webp: blt47bcc150935e574f successfully!"}
{"level":"info","message":"Downloaded Screenshot_2023-05-08_at_11.13.57_AM.png: blt60fc95146aabf667 successfully!"}
{"level":"info","message":"Downloaded Ashish_Tiwari_Original_file.webp: blt50a5f0b68bd6ed0f successfully!"}
{"level":"info","message":"Batch No. 18 of assets download is complete."}
{"level":"info","message":"Downloaded Ruprani_Kadam_Original_file.webp: blt8aeb9e01601ec91b successfully!"}
{"level":"info","message":"Downloaded Rohit_Kini_Original_file.webp: bltdfe4c9cb32240a17 successfully!"}
{"level":"info","message":"Downloaded Rohit_Kini.webp: bltff5dc7d81aca932a successfully!"}
{"level":"info","message":"Downloaded Ashlesha_Wagal_Original_file.webp: bltb597f1642b0f2ac3 successfully!"}
{"level":"info","message":"Downloaded Ashish_Tripathi_Original_file_(1).webp: blt17ad5fea03f3f637 successfully!"}
{"level":"info","message":"Batch No. 19 of assets download is complete."}
{"level":"info","message":"Downloaded Arda.jpg: blta34403f8b40dc3dc successfully!"}
{"level":"info","message":"Downloaded d98d2839f6a044db974b85b7611aacee.png: blt01b6e1cce52f7525 successfully!"}
{"level":"info","message":"Downloaded Vishnu.webp: blt2845be4144b649b7 successfully!"}
{"level":"info","message":"Downloaded Lloyd.webp: blte4e5abdf39d8d16c successfully!"}
{"level":"info","message":"Downloaded Hugo_Miguel_da_Silva_Gameiro_Lebre_Original_file_(2).webp: blt949f01f2e50ca0b1 successfully!"}
{"level":"info","message":"Batch No. 20 of assets download is complete."}
{"level":"info","message":"Downloaded Victor_Original_file.webp: blt6a61328da093d666 successfully!"}
{"level":"info","message":"Downloaded Bliss_Original_file.webp: blt298b0b1e0291a5ce successfully!"}
{"level":"info","message":"Batch No. 21 of assets download is complete."}
{"level":"info","message":"Assets download completed successfully.!"}
{"level":"info","message":"Assets exported successfully.!"}
{"level":"info","message":"Starting export of locales module"}
{"level":"info","message":"Starting locale export"}
{"level":"info","message":"Completed locale export"}
{"level":"info","message":"Starting export of environments module"}
{"level":"info","message":"Starting environment export"}
{"level":"info","message":"'development' environment was exported successfully"}
{"level":"info","message":"'preview' environment was exported successfully"}
{"level":"info","message":"'production' environment was exported successfully"}
{"level":"info","message":"All the environments have been exported successfully!"}
{"level":"info","message":"Starting export of extensions module"}
{"level":"info","message":"Starting extension export"}
{"level":"info","message":"'Ace Editor' extension was exported successfully"}
{"level":"info","message":"'JSON Editor' extension was exported successfully"}
{"level":"info","message":"'Color Picker' extension was exported successfully"}
{"level":"info","message":"All the extensions have been exported successfully!"}
{"level":"info","message":"Starting export of webhooks module"}
{"level":"info","message":"Starting webhooks export"}
{"level":"info","message":"No webhooks found"}
{"level":"info","message":"Starting export of taxonomies module"}
{"level":"info","message":"Starting taxonomies export"}
{"level":"info","message":"No taxonomies found!"}
{"level":"info","message":"Starting export of global-fields module"}
{"level":"info","message":"Starting global fields export"}
{"level":"info","message":"Completed global fields export"}
{"level":"info","message":"Starting export of content-types module"}
{"level":"info","message":"Starting content type export"}
{"level":"info","message":"Content type(s) exported successfully"}
{"level":"info","message":"Starting export of custom-roles module"}
{"level":"info","message":"Starting custom roles export"}
{"level":"info","message":"No custom roles were found in the Stack"}
{"level":"info","message":"Starting export of workflows module"}
{"level":"info","message":"Starting workflows export"}
{"level":"info","message":"'Sample Workflow' workflow was exported successfully"}
{"level":"info","message":"All the workflows have been exported successfully!"}
{"level":"info","message":"Starting export of entries module"}
{"level":"info","message":"Starting entries export"}
{"level":"info","message":"Exported entries of type 'character' locale 'fr-fr'"}
{"level":"info","message":"Exported entries of type 'character' locale 'en-us'"}
{"level":"info","message":"Exported entries of type 'home_world' locale 'fr-fr'"}
{"level":"info","message":"Exported entries of type 'home_world' locale 'en-us'"}
{"level":"info","message":"Exported entries of type 'author' locale 'fr-fr'"}
{"level":"info","message":"Exported entries of type 'author' locale 'en-us'"}
{"level":"info","message":"Exported entries of type 'superhero_landing_page' locale 'fr-fr'"}
{"level":"info","message":"Exported entries of type 'superhero_landing_page' locale 'en-us'"}
{"level":"info","message":"Exported entries of type 'superhero_gallery_page' locale 'fr-fr'"}
{"level":"info","message":"Exported entries of type 'superhero_gallery_page' locale 'en-us'"}
{"level":"info","message":"Exported entries of type 'page' locale 'fr-fr'"}
{"level":"info","message":"Exported entries of type 'page' locale 'en-us'"}
{"level":"info","message":"Exported entries of type 'header' locale 'fr-fr'"}
{"level":"info","message":"Exported entries of type 'header' locale 'en-us'"}
{"level":"info","message":"Exported entries of type 'footer' locale 'fr-fr'"}
{"level":"info","message":"Exported entries of type 'footer' locale 'en-us'"}
{"level":"info","message":"Exported entries of type 'blog_post' locale 'fr-fr'"}
{"level":"info","message":"Exported entries of type 'blog_post' locale 'en-us'"}
{"level":"info","message":"Entries exported successfully"}
{"level":"info","message":"Starting export of labels module"}
{"level":"info","message":"Starting labels export"}
{"level":"info","message":"'Superheroes' label was exported successfully"}
{"level":"info","message":"'Blog' label was exported successfully"}
{"level":"info","message":"'Pages' label was exported successfully"}
{"level":"info","message":"'Components' label was exported successfully"}
{"level":"info","message":"'Label 1' label was exported successfully"}
{"level":"info","message":"All the labels have been exported successfully!"}
{"level":"info","message":"Starting export of marketplace-apps module"}
{"level":"info","message":"Starting marketplace app export"}
{"level":"info","message":"No marketplace apps found"}
{"level":"info","message":"The content of branch main has been exported successfully!"}
{"level":"info","message":"The content of the stack blte09880fe3a41034c has been exported successfully!"}
{"level":"info","message":"The log has been stored at '/Users/hanoak.suchethan/Desktop/practice/New-backup-data/logs/export'"}
